

Started GET "/applicant.index" for 127.0.0.1 at 2013-11-16 16:09:39 +0800

ActiveRecord::PendingMigrationError (Migrations are pending; run 'bin/rake db:migrate RAILS_ENV=development' to resolve this issue.):
  activerecord (4.0.1) lib/active_record/migration.rb:379:in `check_pending!'
  activerecord (4.0.1) lib/active_record/migration.rb:366:in `call'
  actionpack (4.0.1) lib/action_dispatch/middleware/callbacks.rb:29:in `block in call'
  activesupport (4.0.1) lib/active_support/callbacks.rb:373:in `_run__2800692161697912839__call__callbacks'
  activesupport (4.0.1) lib/active_support/callbacks.rb:80:in `run_callbacks'
  actionpack (4.0.1) lib/action_dispatch/middleware/callbacks.rb:27:in `call'
  actionpack (4.0.1) lib/action_dispatch/middleware/reloader.rb:64:in `call'
  actionpack (4.0.1) lib/action_dispatch/middleware/remote_ip.rb:76:in `call'
  actionpack (4.0.1) lib/action_dispatch/middleware/debug_exceptions.rb:17:in `call'
  actionpack (4.0.1) lib/action_dispatch/middleware/show_exceptions.rb:30:in `call'
  railties (4.0.1) lib/rails/rack/logger.rb:38:in `call_app'
  railties (4.0.1) lib/rails/rack/logger.rb:20:in `block in call'
  activesupport (4.0.1) lib/active_support/tagged_logging.rb:67:in `block in tagged'
  activesupport (4.0.1) lib/active_support/tagged_logging.rb:25:in `tagged'
  activesupport (4.0.1) lib/active_support/tagged_logging.rb:67:in `tagged'
  railties (4.0.1) lib/rails/rack/logger.rb:20:in `call'
  actionpack (4.0.1) lib/action_dispatch/middleware/request_id.rb:21:in `call'
  rack (1.5.2) lib/rack/methodoverride.rb:21:in `call'
  rack (1.5.2) lib/rack/runtime.rb:17:in `call'
  activesupport (4.0.1) lib/active_support/cache/strategy/local_cache.rb:83:in `call'
  rack (1.5.2) lib/rack/lock.rb:17:in `call'
  actionpack (4.0.1) lib/action_dispatch/middleware/static.rb:64:in `call'
  rack (1.5.2) lib/rack/sendfile.rb:112:in `call'
  railties (4.0.1) lib/rails/engine.rb:511:in `call'
  railties (4.0.1) lib/rails/application.rb:97:in `call'
  rack (1.5.2) lib/rack/lock.rb:17:in `call'
  rack (1.5.2) lib/rack/content_length.rb:14:in `call'
  rack (1.5.2) lib/rack/handler/webrick.rb:60:in `service'
  /Users/marjan/.rvm/rubies/ruby-1.9.3-p286/lib/ruby/1.9.1/webrick/httpserver.rb:138:in `service'
  /Users/marjan/.rvm/rubies/ruby-1.9.3-p286/lib/ruby/1.9.1/webrick/httpserver.rb:94:in `run'
  /Users/marjan/.rvm/rubies/ruby-1.9.3-p286/lib/ruby/1.9.1/webrick/server.rb:191:in `block in start_thread'


  Rendered /Users/marjan/.rvm/gems/ruby-1.9.3-p286/gems/actionpack-4.0.1/lib/action_dispatch/middleware/templates/rescues/_source.erb (1.1ms)
  Rendered /Users/marjan/.rvm/gems/ruby-1.9.3-p286/gems/actionpack-4.0.1/lib/action_dispatch/middleware/templates/rescues/_trace.erb (1.8ms)
  Rendered /Users/marjan/.rvm/gems/ruby-1.9.3-p286/gems/actionpack-4.0.1/lib/action_dispatch/middleware/templates/rescues/_request_and_response.erb (1.4ms)
  Rendered /Users/marjan/.rvm/gems/ruby-1.9.3-p286/gems/actionpack-4.0.1/lib/action_dispatch/middleware/templates/rescues/diagnostics.erb within rescues/layout (29.7ms)
  [1m[36m (1.5ms)[0m  [1mCREATE TABLE "schema_migrations" ("version" varchar(255) NOT NULL) [0m
  [1m[35m (1.3ms)[0m  CREATE UNIQUE INDEX "unique_schema_migrations" ON "schema_migrations" ("version")
  [1m[36mActiveRecord::SchemaMigration Load (0.2ms)[0m  [1mSELECT "schema_migrations".* FROM "schema_migrations"[0m
Migrating to CreateApplicants (20131116080910)
  [1m[35m (0.1ms)[0m  begin transaction
  [1m[36m (0.4ms)[0m  [1mCREATE TABLE "applicants" ("id" INTEGER PRIMARY KEY AUTOINCREMENT NOT NULL, "firstname" varchar(255), "lastname" varchar(255), "created_at" datetime, "updated_at" datetime) [0m
  [1m[35mSQL (0.4ms)[0m  INSERT INTO "schema_migrations" ("version") VALUES (?)  [["version", "20131116080910"]]
  [1m[36m (1.4ms)[0m  [1mcommit transaction[0m
  [1m[35mActiveRecord::SchemaMigration Load (0.2ms)[0m  SELECT "schema_migrations".* FROM "schema_migrations"


Started GET "/applicant.index" for 127.0.0.1 at 2013-11-16 16:10:34 +0800
  [1m[36mActiveRecord::SchemaMigration Load (0.2ms)[0m  [1mSELECT "schema_migrations".* FROM "schema_migrations"[0m

ActionController::RoutingError (No route matches [GET] "/applicant.index"):
  actionpack (4.0.1) lib/action_dispatch/middleware/debug_exceptions.rb:21:in `call'
  actionpack (4.0.1) lib/action_dispatch/middleware/show_exceptions.rb:30:in `call'
  railties (4.0.1) lib/rails/rack/logger.rb:38:in `call_app'
  railties (4.0.1) lib/rails/rack/logger.rb:20:in `block in call'
  activesupport (4.0.1) lib/active_support/tagged_logging.rb:67:in `block in tagged'
  activesupport (4.0.1) lib/active_support/tagged_logging.rb:25:in `tagged'
  activesupport (4.0.1) lib/active_support/tagged_logging.rb:67:in `tagged'
  railties (4.0.1) lib/rails/rack/logger.rb:20:in `call'
  actionpack (4.0.1) lib/action_dispatch/middleware/request_id.rb:21:in `call'
  rack (1.5.2) lib/rack/methodoverride.rb:21:in `call'
  rack (1.5.2) lib/rack/runtime.rb:17:in `call'
  activesupport (4.0.1) lib/active_support/cache/strategy/local_cache.rb:83:in `call'
  rack (1.5.2) lib/rack/lock.rb:17:in `call'
  actionpack (4.0.1) lib/action_dispatch/middleware/static.rb:64:in `call'
  rack (1.5.2) lib/rack/sendfile.rb:112:in `call'
  railties (4.0.1) lib/rails/engine.rb:511:in `call'
  railties (4.0.1) lib/rails/application.rb:97:in `call'
  rack (1.5.2) lib/rack/lock.rb:17:in `call'
  rack (1.5.2) lib/rack/content_length.rb:14:in `call'
  rack (1.5.2) lib/rack/handler/webrick.rb:60:in `service'
  /Users/marjan/.rvm/rubies/ruby-1.9.3-p286/lib/ruby/1.9.1/webrick/httpserver.rb:138:in `service'
  /Users/marjan/.rvm/rubies/ruby-1.9.3-p286/lib/ruby/1.9.1/webrick/httpserver.rb:94:in `run'
  /Users/marjan/.rvm/rubies/ruby-1.9.3-p286/lib/ruby/1.9.1/webrick/server.rb:191:in `block in start_thread'


  Rendered /Users/marjan/.rvm/gems/ruby-1.9.3-p286/gems/actionpack-4.0.1/lib/action_dispatch/middleware/templates/rescues/_trace.erb (2.2ms)
  Rendered /Users/marjan/.rvm/gems/ruby-1.9.3-p286/gems/actionpack-4.0.1/lib/action_dispatch/middleware/templates/routes/_route.html.erb (2.0ms)
  Rendered /Users/marjan/.rvm/gems/ruby-1.9.3-p286/gems/actionpack-4.0.1/lib/action_dispatch/middleware/templates/routes/_table.html.erb (74.1ms)
  Rendered /Users/marjan/.rvm/gems/ruby-1.9.3-p286/gems/actionpack-4.0.1/lib/action_dispatch/middleware/templates/rescues/routing_error.erb within rescues/layout (121.6ms)


Started GET "/applicant" for 127.0.0.1 at 2013-11-16 16:11:53 +0800

ActionController::RoutingError (No route matches [GET] "/applicant"):
  actionpack (4.0.1) lib/action_dispatch/middleware/debug_exceptions.rb:21:in `call'
  actionpack (4.0.1) lib/action_dispatch/middleware/show_exceptions.rb:30:in `call'
  railties (4.0.1) lib/rails/rack/logger.rb:38:in `call_app'
  railties (4.0.1) lib/rails/rack/logger.rb:20:in `block in call'
  activesupport (4.0.1) lib/active_support/tagged_logging.rb:67:in `block in tagged'
  activesupport (4.0.1) lib/active_support/tagged_logging.rb:25:in `tagged'
  activesupport (4.0.1) lib/active_support/tagged_logging.rb:67:in `tagged'
  railties (4.0.1) lib/rails/rack/logger.rb:20:in `call'
  actionpack (4.0.1) lib/action_dispatch/middleware/request_id.rb:21:in `call'
  rack (1.5.2) lib/rack/methodoverride.rb:21:in `call'
  rack (1.5.2) lib/rack/runtime.rb:17:in `call'
  activesupport (4.0.1) lib/active_support/cache/strategy/local_cache.rb:83:in `call'
  rack (1.5.2) lib/rack/lock.rb:17:in `call'
  actionpack (4.0.1) lib/action_dispatch/middleware/static.rb:64:in `call'
  rack (1.5.2) lib/rack/sendfile.rb:112:in `call'
  railties (4.0.1) lib/rails/engine.rb:511:in `call'
  railties (4.0.1) lib/rails/application.rb:97:in `call'
  rack (1.5.2) lib/rack/lock.rb:17:in `call'
  rack (1.5.2) lib/rack/content_length.rb:14:in `call'
  rack (1.5.2) lib/rack/handler/webrick.rb:60:in `service'
  /Users/marjan/.rvm/rubies/ruby-1.9.3-p286/lib/ruby/1.9.1/webrick/httpserver.rb:138:in `service'
  /Users/marjan/.rvm/rubies/ruby-1.9.3-p286/lib/ruby/1.9.1/webrick/httpserver.rb:94:in `run'
  /Users/marjan/.rvm/rubies/ruby-1.9.3-p286/lib/ruby/1.9.1/webrick/server.rb:191:in `block in start_thread'


  Rendered /Users/marjan/.rvm/gems/ruby-1.9.3-p286/gems/actionpack-4.0.1/lib/action_dispatch/middleware/templates/rescues/_trace.erb (2.3ms)
  Rendered /Users/marjan/.rvm/gems/ruby-1.9.3-p286/gems/actionpack-4.0.1/lib/action_dispatch/middleware/templates/routes/_route.html.erb (2.2ms)
  Rendered /Users/marjan/.rvm/gems/ruby-1.9.3-p286/gems/actionpack-4.0.1/lib/action_dispatch/middleware/templates/routes/_table.html.erb (2.0ms)
  Rendered /Users/marjan/.rvm/gems/ruby-1.9.3-p286/gems/actionpack-4.0.1/lib/action_dispatch/middleware/templates/rescues/routing_error.erb within rescues/layout (39.7ms)


Started GET "/applicant" for 127.0.0.1 at 2013-11-16 16:11:57 +0800

ActionController::RoutingError (No route matches [GET] "/applicant"):
  actionpack (4.0.1) lib/action_dispatch/middleware/debug_exceptions.rb:21:in `call'
  actionpack (4.0.1) lib/action_dispatch/middleware/show_exceptions.rb:30:in `call'
  railties (4.0.1) lib/rails/rack/logger.rb:38:in `call_app'
  railties (4.0.1) lib/rails/rack/logger.rb:20:in `block in call'
  activesupport (4.0.1) lib/active_support/tagged_logging.rb:67:in `block in tagged'
  activesupport (4.0.1) lib/active_support/tagged_logging.rb:25:in `tagged'
  activesupport (4.0.1) lib/active_support/tagged_logging.rb:67:in `tagged'
  railties (4.0.1) lib/rails/rack/logger.rb:20:in `call'
  actionpack (4.0.1) lib/action_dispatch/middleware/request_id.rb:21:in `call'
  rack (1.5.2) lib/rack/methodoverride.rb:21:in `call'
  rack (1.5.2) lib/rack/runtime.rb:17:in `call'
  activesupport (4.0.1) lib/active_support/cache/strategy/local_cache.rb:83:in `call'
  rack (1.5.2) lib/rack/lock.rb:17:in `call'
  actionpack (4.0.1) lib/action_dispatch/middleware/static.rb:64:in `call'
  rack (1.5.2) lib/rack/sendfile.rb:112:in `call'
  railties (4.0.1) lib/rails/engine.rb:511:in `call'
  railties (4.0.1) lib/rails/application.rb:97:in `call'
  rack (1.5.2) lib/rack/lock.rb:17:in `call'
  rack (1.5.2) lib/rack/content_length.rb:14:in `call'
  rack (1.5.2) lib/rack/handler/webrick.rb:60:in `service'
  /Users/marjan/.rvm/rubies/ruby-1.9.3-p286/lib/ruby/1.9.1/webrick/httpserver.rb:138:in `service'
  /Users/marjan/.rvm/rubies/ruby-1.9.3-p286/lib/ruby/1.9.1/webrick/httpserver.rb:94:in `run'
  /Users/marjan/.rvm/rubies/ruby-1.9.3-p286/lib/ruby/1.9.1/webrick/server.rb:191:in `block in start_thread'


  Rendered /Users/marjan/.rvm/gems/ruby-1.9.3-p286/gems/actionpack-4.0.1/lib/action_dispatch/middleware/templates/rescues/_trace.erb (2.0ms)
  Rendered /Users/marjan/.rvm/gems/ruby-1.9.3-p286/gems/actionpack-4.0.1/lib/action_dispatch/middleware/templates/routes/_route.html.erb (1.8ms)
  Rendered /Users/marjan/.rvm/gems/ruby-1.9.3-p286/gems/actionpack-4.0.1/lib/action_dispatch/middleware/templates/routes/_table.html.erb (1.7ms)
  Rendered /Users/marjan/.rvm/gems/ruby-1.9.3-p286/gems/actionpack-4.0.1/lib/action_dispatch/middleware/templates/rescues/routing_error.erb within rescues/layout (31.6ms)


Started GET "/applicants" for 127.0.0.1 at 2013-11-16 16:12:22 +0800
Processing by ApplicantsController#index as HTML
  [1m[35mApplicant Load (0.2ms)[0m  SELECT "applicants".* FROM "applicants"
  Rendered applicants/index.html.erb within layouts/application (2.3ms)
Completed 200 OK in 1810ms (Views: 1584.1ms | ActiveRecord: 0.2ms)


Started GET "/assets/application.css?body=1" for 127.0.0.1 at 2013-11-16 16:12:24 +0800


Started GET "/assets/applicants.css?body=1" for 127.0.0.1 at 2013-11-16 16:12:24 +0800


Started GET "/assets/scaffolds.css?body=1" for 127.0.0.1 at 2013-11-16 16:12:24 +0800


Started GET "/assets/jquery.js?body=1" for 127.0.0.1 at 2013-11-16 16:12:24 +0800


Started GET "/assets/applicants.js?body=1" for 127.0.0.1 at 2013-11-16 16:12:24 +0800


Started GET "/assets/turbolinks.js?body=1" for 127.0.0.1 at 2013-11-16 16:12:24 +0800


Started GET "/assets/jquery_ujs.js?body=1" for 127.0.0.1 at 2013-11-16 16:12:24 +0800


Started GET "/assets/application.js?body=1" for 127.0.0.1 at 2013-11-16 16:12:24 +0800


Started GET "/applicants/new" for 127.0.0.1 at 2013-11-16 16:12:31 +0800
Processing by ApplicantsController#new as HTML
  Rendered applicants/_form.html.erb (203.6ms)
  Rendered applicants/new.html.erb within layouts/application (206.0ms)
Completed 200 OK in 214ms (Views: 212.0ms | ActiveRecord: 0.4ms)


Started POST "/applicants" for 127.0.0.1 at 2013-11-16 16:12:37 +0800
Processing by ApplicantsController#create as HTML
  Parameters: {"utf8"=>"✓", "authenticity_token"=>"rFYYG7c7VrGvMHzieKW3W+lzgycfP4s/jY/2CpwnWLc=", "applicant"=>{"firstname"=>"marjan", "lastname"=>"zia"}, "commit"=>"Create Applicant"}
  [1m[36m (0.1ms)[0m  [1mbegin transaction[0m
  [1m[35mSQL (141.0ms)[0m  INSERT INTO "applicants" ("created_at", "firstname", "lastname", "updated_at") VALUES (?, ?, ?, ?)  [["created_at", Sat, 16 Nov 2013 08:12:37 UTC +00:00], ["firstname", "marjan"], ["lastname", "zia"], ["updated_at", Sat, 16 Nov 2013 08:12:37 UTC +00:00]]
  [1m[36m (11.4ms)[0m  [1mcommit transaction[0m
Redirected to http://localhost:3000/applicants/1
Completed 302 Found in 194ms (ActiveRecord: 152.5ms)


Started GET "/applicants/1" for 127.0.0.1 at 2013-11-16 16:12:37 +0800
Processing by ApplicantsController#show as HTML
  Parameters: {"id"=>"1"}
  [1m[35mApplicant Load (0.4ms)[0m  SELECT "applicants".* FROM "applicants" WHERE "applicants"."id" = ? LIMIT 1  [["id", "1"]]
  Rendered applicants/show.html.erb within layouts/application (2.1ms)
Completed 200 OK in 14ms (Views: 9.6ms | ActiveRecord: 0.4ms)


Started GET "/assets/jquery.js?body=1" for 127.0.0.1 at 2013-11-16 16:12:37 +0800
  [1m[36mActiveRecord::SchemaMigration Load (0.2ms)[0m  [1mSELECT "schema_migrations".* FROM "schema_migrations"[0m
  [1m[35mActiveRecord::SchemaMigration Load (0.1ms)[0m  SELECT "schema_migrations".* FROM "schema_migrations"


Started GET "/applicants" for 127.0.0.1 at 2013-11-16 16:14:22 +0800
  [1m[36mActiveRecord::SchemaMigration Load (0.2ms)[0m  [1mSELECT "schema_migrations".* FROM "schema_migrations"[0m
Processing by ApplicantsController#index as HTML
  [1m[35mApplicant Load (0.2ms)[0m  SELECT "applicants".* FROM "applicants"
  Rendered applicants/index.html.erb within layouts/application (12.8ms)
Completed 200 OK in 125ms (Views: 90.2ms | ActiveRecord: 0.5ms)


Started GET "/assets/application.css?body=1" for 127.0.0.1 at 2013-11-16 16:14:22 +0800


Started GET "/assets/applicants.css?body=1" for 127.0.0.1 at 2013-11-16 16:14:22 +0800


Started GET "/assets/applicants.js?body=1" for 127.0.0.1 at 2013-11-16 16:14:22 +0800


Started GET "/assets/scaffolds.css?body=1" for 127.0.0.1 at 2013-11-16 16:14:22 +0800


Started GET "/assets/jquery.js?body=1" for 127.0.0.1 at 2013-11-16 16:14:22 +0800


Started GET "/assets/application.js?body=1" for 127.0.0.1 at 2013-11-16 16:14:22 +0800


Started GET "/applicants/new" for 127.0.0.1 at 2013-11-16 16:14:25 +0800
Processing by ApplicantsController#new as HTML
  Rendered applicants/_form.html.erb (18.0ms)
  Rendered applicants/new.html.erb within layouts/application (23.2ms)
Completed 200 OK in 29ms (Views: 28.0ms | ActiveRecord: 0.0ms)


Started GET "/applicants/new" for 127.0.0.1 at 2013-11-16 16:15:17 +0800
Processing by ApplicantsController#new as HTML
  Rendered applicants/_form.html.erb (40.1ms)
  Rendered applicants/new.html.erb within layouts/application (41.9ms)
Completed 200 OK in 51ms (Views: 46.8ms | ActiveRecord: 0.5ms)


Started GET "/assets/application.css?body=1" for 127.0.0.1 at 2013-11-16 16:15:17 +0800


Started GET "/assets/scaffolds.css?body=1" for 127.0.0.1 at 2013-11-16 16:15:17 +0800


Started GET "/assets/jquery.js?body=1" for 127.0.0.1 at 2013-11-16 16:15:17 +0800


Started GET "/assets/applicants.js?body=1" for 127.0.0.1 at 2013-11-16 16:15:17 +0800


Started GET "/assets/applicants.css?body=1" for 127.0.0.1 at 2013-11-16 16:15:17 +0800


Started GET "/assets/application.js?body=1" for 127.0.0.1 at 2013-11-16 16:15:17 +0800
  [1m[36mActiveRecord::SchemaMigration Load (0.2ms)[0m  [1mSELECT "schema_migrations".* FROM "schema_migrations"[0m
  [1m[35mActiveRecord::SchemaMigration Load (0.1ms)[0m  SELECT "schema_migrations".* FROM "schema_migrations"


Started GET "/applicants/new" for 127.0.0.1 at 2013-11-16 16:16:01 +0800
  [1m[36mActiveRecord::SchemaMigration Load (0.2ms)[0m  [1mSELECT "schema_migrations".* FROM "schema_migrations"[0m
Processing by ApplicantsController#new as HTML
  Rendered applicants/_form.html.erb (48.7ms)
  Rendered applicants/new.html.erb within layouts/application (56.5ms)
Completed 200 OK in 146ms (Views: 107.4ms | ActiveRecord: 0.5ms)


Started GET "/assets/application.css?body=1" for 127.0.0.1 at 2013-11-16 16:16:02 +0800


Started GET "/assets/applicants.css?body=1" for 127.0.0.1 at 2013-11-16 16:16:02 +0800


Started GET "/assets/scaffolds.css?body=1" for 127.0.0.1 at 2013-11-16 16:16:02 +0800


Started GET "/assets/jquery.js?body=1" for 127.0.0.1 at 2013-11-16 16:16:02 +0800


Started GET "/assets/applicants.js?body=1" for 127.0.0.1 at 2013-11-16 16:16:02 +0800


Started GET "/assets/application.js?body=1" for 127.0.0.1 at 2013-11-16 16:16:02 +0800
